<?xml version="1.0" encoding="UTF-8"?>
<coverage generated="1631606309434" clover="3.2.0">
  <project timestamp="1631606309435" name="All files">
    <metrics statements="46" coveredstatements="44" conditionals="11" coveredconditionals="9" methods="8" coveredmethods="7" elements="65" coveredelements="60" complexity="0" loc="46" ncloc="46" packages="2" files="4" classes="4"/>
    <package name="Repository.Donation">
      <metrics statements="23" coveredstatements="23" conditionals="9" coveredconditionals="9" methods="4" coveredmethods="4"/>
      <file name="Donation.Entity.ts" path="/Users/vladimir/git/raiseup/packages/raiseup-server/src/Repository/Donation/Donation.Entity.ts">
        <metrics statements="6" coveredstatements="6" conditionals="0" coveredconditionals="0" methods="0" coveredmethods="0"/>
        <line num="1" count="2" type="stmt"/>
        <line num="2" count="2" type="stmt"/>
        <line num="4" count="2" type="stmt"/>
        <line num="6" count="2" type="stmt"/>
        <line num="9" count="2" type="stmt"/>
        <line num="12" count="2" type="stmt"/>
      </file>
      <file name="Donation.Router.ts" path="/Users/vladimir/git/raiseup/packages/raiseup-server/src/Repository/Donation/Donation.Router.ts">
        <metrics statements="9" coveredstatements="9" conditionals="0" coveredconditionals="0" methods="3" coveredmethods="3"/>
        <line num="1" count="2" type="stmt"/>
        <line num="2" count="2" type="stmt"/>
        <line num="4" count="2" type="stmt"/>
        <line num="6" count="2" type="stmt"/>
        <line num="7" count="4" type="stmt"/>
        <line num="9" count="1" type="stmt"/>
        <line num="14" count="3" type="stmt"/>
        <line num="15" count="3" type="stmt"/>
        <line num="22" count="2" type="stmt"/>
      </file>
      <file name="Donation.Services.ts" path="/Users/vladimir/git/raiseup/packages/raiseup-server/src/Repository/Donation/Donation.Services.ts">
        <metrics statements="8" coveredstatements="8" conditionals="9" coveredconditionals="9" methods="1" coveredmethods="1"/>
        <line num="2" count="2" type="stmt"/>
        <line num="3" count="2" type="stmt"/>
        <line num="5" count="2" type="stmt"/>
        <line num="6" count="7" type="cond" truecount="5" falsecount="0"/>
        <line num="7" count="3" type="stmt"/>
        <line num="10" count="4" type="cond" truecount="4" falsecount="0"/>
        <line num="11" count="2" type="stmt"/>
        <line num="14" count="2" type="stmt"/>
      </file>
    </package>
    <package name="utils">
      <metrics statements="23" coveredstatements="21" conditionals="2" coveredconditionals="0" methods="4" coveredmethods="3"/>
      <file name="tests.ts" path="/Users/vladimir/git/raiseup/packages/raiseup-server/src/utils/tests.ts">
        <metrics statements="23" coveredstatements="21" conditionals="2" coveredconditionals="0" methods="4" coveredmethods="3"/>
        <line num="1" count="2" type="stmt"/>
        <line num="2" count="2" type="stmt"/>
        <line num="3" count="2" type="stmt"/>
        <line num="4" count="2" type="stmt"/>
        <line num="5" count="2" type="stmt"/>
        <line num="6" count="2" type="stmt"/>
        <line num="8" count="2" type="stmt"/>
        <line num="9" count="2" type="stmt"/>
        <line num="10" count="2" type="stmt"/>
        <line num="12" count="2" type="stmt"/>
        <line num="14" count="2" type="stmt"/>
        <line num="16" count="2" type="stmt"/>
        <line num="17" count="0" type="cond" truecount="0" falsecount="2"/>
        <line num="18" count="0" type="stmt"/>
        <line num="23" count="2" type="stmt"/>
        <line num="24" count="1" type="stmt"/>
        <line num="26" count="1" type="stmt"/>
        <line num="27" count="1" type="stmt"/>
        <line num="28" count="1" type="stmt"/>
        <line num="30" count="1" type="stmt"/>
        <line num="32" count="1" type="stmt"/>
        <line num="37" count="1" type="stmt"/>
        <line num="41" count="1" type="stmt"/>
      </file>
    </package>
  </project>
</coverage>
