{"/Users/vladimir/git/raiseup/packages/raiseup-server/src/Repository/Donation/Donation.Entity.ts": {"path":"/Users/vladimir/git/raiseup/packages/raiseup-server/src/Repository/Donation/Donation.Entity.ts","statementMap":{"0":{"start":{"line":1,"column":0},"end":{"line":1,"column":61}},"1":{"start":{"line":2,"column":0},"end":{"line":2,"column":47}},"2":{"start":{"line":6,"column":2},"end":{"line":6,"column":null}},"3":{"start":{"line":9,"column":2},"end":{"line":9,"column":null}},"4":{"start":{"line":4,"column":0},"end":{"line":4,"column":13}},"5":{"start":{"line":12,"column":13},"end":{"line":17,"column":null}}},"fnMap":{},"branchMap":{},"s":{"0":2,"1":2,"2":2,"3":2,"4":2,"5":2},"f":{},"b":{}}
,"/Users/vladimir/git/raiseup/packages/raiseup-server/src/Repository/Donation/Donation.Router.ts": {"path":"/Users/vladimir/git/raiseup/packages/raiseup-server/src/Repository/Donation/Donation.Router.ts","statementMap":{"0":{"start":{"line":1,"column":0},"end":{"line":1,"column":34}},"1":{"start":{"line":2,"column":0},"end":{"line":2,"column":72}},"2":{"start":{"line":4,"column":23},"end":{"line":4,"column":38}},"3":{"start":{"line":6,"column":0},"end":{"line":20,"column":null}},"4":{"start":{"line":7,"column":2},"end":{"line":19,"column":null}},"5":{"start":{"line":9,"column":6},"end":{"line":11,"column":null}},"6":{"start":{"line":14,"column":6},"end":{"line":14,"column":null}},"7":{"start":{"line":15,"column":6},"end":{"line":18,"column":null}},"8":{"start":{"line":22,"column":0},"end":{"line":22,"column":null}}},"fnMap":{"0":{"name":"(anonymous_1)","decl":{"start":{"line":6,"column":31},"end":{"line":6,"column":36}},"loc":{"start":{"line":6,"column":45},"end":{"line":20,"column":1}}},"1":{"name":"(anonymous_2)","decl":{"start":{"line":8,"column":10},"end":{"line":8,"column":13}},"loc":{"start":{"line":8,"column":15},"end":{"line":12,"column":5}}},"2":{"name":"(anonymous_3)","decl":{"start":{"line":13,"column":11},"end":{"line":13,"column":12}},"loc":{"start":{"line":13,"column":28},"end":{"line":19,"column":5}}}},"branchMap":{},"s":{"0":2,"1":2,"2":2,"3":2,"4":4,"5":1,"6":3,"7":3,"8":2},"f":{"0":4,"1":1,"2":3},"b":{}}
,"/Users/vladimir/git/raiseup/packages/raiseup-server/src/Repository/Donation/Donation.Services.ts": {"path":"/Users/vladimir/git/raiseup/packages/raiseup-server/src/Repository/Donation/Donation.Services.ts","statementMap":{"0":{"start":{"line":2,"column":0},"end":{"line":2,"column":81}},"1":{"start":{"line":3,"column":0},"end":{"line":3,"column":47}},"2":{"start":{"line":5,"column":28},"end":{"line":18,"column":1}},"3":{"start":{"line":6,"column":2},"end":{"line":8,"column":null}},"4":{"start":{"line":7,"column":4},"end":{"line":7,"column":null}},"5":{"start":{"line":10,"column":2},"end":{"line":12,"column":null}},"6":{"start":{"line":11,"column":4},"end":{"line":11,"column":null}},"7":{"start":{"line":14,"column":2},"end":{"line":17,"column":null}},"8":{"start":{"line":5,"column":13},"end":{"line":5,"column":28}}},"fnMap":{"0":{"name":"(anonymous_0)","decl":{"start":{"line":5,"column":28},"end":{"line":5,"column":33}},"loc":{"start":{"line":5,"column":91},"end":{"line":18,"column":1}}}},"branchMap":{"0":{"loc":{"start":{"line":6,"column":2},"end":{"line":8,"column":null}},"type":"if","locations":[{"start":{"line":6,"column":2},"end":{"line":8,"column":null}},{"start":{"line":6,"column":2},"end":{"line":8,"column":null}}]},"1":{"loc":{"start":{"line":6,"column":6},"end":{"line":6,"column":13}},"type":"binary-expr","locations":[{"start":{"line":6,"column":6},"end":{"line":6,"column":13}},{"start":{"line":6,"column":17},"end":{"line":6,"column":30}},{"start":{"line":6,"column":34},"end":{"line":6,"column":44}}]},"2":{"loc":{"start":{"line":10,"column":2},"end":{"line":12,"column":null}},"type":"if","locations":[{"start":{"line":10,"column":2},"end":{"line":12,"column":null}},{"start":{"line":10,"column":2},"end":{"line":12,"column":null}}]},"3":{"loc":{"start":{"line":10,"column":6},"end":{"line":10,"column":15}},"type":"binary-expr","locations":[{"start":{"line":10,"column":6},"end":{"line":10,"column":15}},{"start":{"line":10,"column":19},"end":{"line":10,"column":64}}]}},"s":{"0":2,"1":2,"2":2,"3":7,"4":3,"5":4,"6":2,"7":2,"8":2},"f":{"0":7},"b":{"0":[3,4],"1":[7,7,6],"2":[2,2],"3":[4,4]}}
,"/Users/vladimir/git/raiseup/packages/raiseup-server/src/utils/tests.ts": {"path":"/Users/vladimir/git/raiseup/packages/raiseup-server/src/utils/tests.ts","statementMap":{"0":{"start":{"line":1,"column":0},"end":{"line":1,"column":31}},"1":{"start":{"line":2,"column":0},"end":{"line":2,"column":57}},"2":{"start":{"line":3,"column":0},"end":{"line":3,"column":21}},"3":{"start":{"line":4,"column":0},"end":{"line":4,"column":39}},"4":{"start":{"line":5,"column":0},"end":{"line":5,"column":28}},"5":{"start":{"line":6,"column":0},"end":{"line":6,"column":68}},"6":{"start":{"line":8,"column":25},"end":{"line":21,"column":1}},"7":{"start":{"line":9,"column":22},"end":{"line":9,"column":54}},"8":{"start":{"line":10,"column":19},"end":{"line":10,"column":39}},"9":{"start":{"line":12,"column":18},"end":{"line":12,"column":20}},"10":{"start":{"line":14,"column":2},"end":{"line":14,"column":null}},"11":{"start":{"line":16,"column":2},"end":{"line":20,"column":null}},"12":{"start":{"line":17,"column":4},"end":{"line":19,"column":null}},"13":{"start":{"line":18,"column":6},"end":{"line":18,"column":null}},"14":{"start":{"line":8,"column":13},"end":{"line":8,"column":25}},"15":{"start":{"line":23,"column":22},"end":{"line":44,"column":1}},"16":{"start":{"line":24,"column":15},"end":{"line":24,"column":19}},"17":{"start":{"line":26,"column":14},"end":{"line":26,"column":23}},"18":{"start":{"line":27,"column":2},"end":{"line":27,"column":null}},"19":{"start":{"line":28,"column":2},"end":{"line":28,"column":null}},"20":{"start":{"line":30,"column":2},"end":{"line":30,"column":null}},"21":{"start":{"line":32,"column":2},"end":{"line":39,"column":null}},"22":{"start":{"line":37,"column":6},"end":{"line":37,"column":null}},"23":{"start":{"line":41,"column":2},"end":{"line":43,"column":null}},"24":{"start":{"line":23,"column":13},"end":{"line":23,"column":22}}},"fnMap":{"0":{"name":"(anonymous_1)","decl":{"start":{"line":8,"column":25},"end":{"line":8,"column":30}},"loc":{"start":{"line":8,"column":36},"end":{"line":21,"column":1}}},"1":{"name":"(anonymous_2)","decl":{"start":{"line":16,"column":34},"end":{"line":16,"column":35}},"loc":{"start":{"line":16,"column":40},"end":{"line":20,"column":3}}},"2":{"name":"(anonymous_3)","decl":{"start":{"line":23,"column":22},"end":{"line":23,"column":27}},"loc":{"start":{"line":23,"column":33},"end":{"line":44,"column":1}}},"3":{"name":"(anonymous_4)","decl":{"start":{"line":36,"column":4},"end":{"line":36,"column":7}},"loc":{"start":{"line":36,"column":9},"end":{"line":38,"column":5}}}},"branchMap":{"0":{"loc":{"start":{"line":17,"column":4},"end":{"line":19,"column":null}},"type":"if","locations":[{"start":{"line":17,"column":4},"end":{"line":19,"column":null}},{"start":{"line":17,"column":4},"end":{"line":19,"column":null}}]}},"s":{"0":2,"1":2,"2":2,"3":2,"4":2,"5":2,"6":2,"7":2,"8":2,"9":2,"10":2,"11":2,"12":0,"13":0,"14":2,"15":2,"16":1,"17":1,"18":1,"19":1,"20":1,"21":1,"22":1,"23":1,"24":2},"f":{"0":2,"1":0,"2":1,"3":1},"b":{"0":[0,0]}}
}
